2025-11-12 13:15:42.639 +01:00 [INF] User profile is available. Using '/Users/jaraazad/.aspnet/DataProtection-Keys' as key repository; keys will not be encrypted at rest.
2025-11-12 13:15:42.961 +01:00 [INF] No migrations were applied. The database is already up to date.
2025-11-12 13:15:43.180 +01:00 [INF] Now listening on: http://localhost:5217
2025-11-12 13:15:43.181 +01:00 [INF] Application started. Press Ctrl+C to shut down.
2025-11-12 13:15:43.181 +01:00 [INF] Hosting environment: Development
2025-11-12 13:15:43.181 +01:00 [INF] Content root path: /Users/jaraazad/Desktop/Jam.Api/api
2025-11-12 13:15:44.740 +01:00 [INF] Request starting HTTP/1.1 GET http://localhost:5217/ - null null
2025-11-12 13:15:44.781 +01:00 [INF] Request finished HTTP/1.1 GET http://localhost:5217/ - 404 0 null 42.4322ms
2025-11-12 13:15:44.789 +01:00 [INF] Request reached the end of the middleware pipeline without being handled by application code. Request path: GET http://localhost:5217/, Response status code: 404
2025-11-12 13:16:52.285 +01:00 [INF] Request starting HTTP/1.1 GET http://localhost:5217/swagger/index.html - null null
2025-11-12 13:16:52.325 +01:00 [INF] Request finished HTTP/1.1 GET http://localhost:5217/swagger/index.html - 200 null text/html;charset=utf-8 40.9893ms
2025-11-12 13:16:52.755 +01:00 [INF] Request starting HTTP/1.1 GET http://localhost:5217/swagger/v1/swagger.json - null null
2025-11-12 13:16:52.917 +01:00 [INF] Request finished HTTP/1.1 GET http://localhost:5217/swagger/v1/swagger.json - 200 null application/json;charset=utf-8 161.7726ms
2025-11-12 13:17:03.543 +01:00 [INF] Request starting HTTP/1.1 GET http://localhost:5217/api/Admin/sessions - null null
2025-11-12 13:17:03.563 +01:00 [ERR] An unhandled exception has occurred while executing the request.
System.InvalidOperationException: Endpoint Jam.Api.Controllers.AdminController.GetPlayingSessions (Jam.Api) contains authorization metadata, but a middleware was not found that supports authorization.
Configure your application startup by adding app.UseAuthorization() in the application startup code. If there are calls to app.UseRouting() and app.UseEndpoints(...), the call to app.UseAuthorization() must go between them.
   at Microsoft.AspNetCore.Routing.EndpointMiddleware.ThrowMissingAuthMiddlewareException(Endpoint endpoint)
   at Microsoft.AspNetCore.Routing.EndpointMiddleware.Invoke(HttpContext httpContext)
   at Microsoft.AspNetCore.StaticFiles.StaticFileMiddleware.Invoke(HttpContext context)
   at Microsoft.AspNetCore.StaticFiles.StaticFileMiddleware.Invoke(HttpContext context)
   at Swashbuckle.AspNetCore.SwaggerUI.SwaggerUIMiddleware.Invoke(HttpContext httpContext)
   at Swashbuckle.AspNetCore.Swagger.SwaggerMiddleware.Invoke(HttpContext httpContext, ISwaggerProvider swaggerProvider)
   at Microsoft.AspNetCore.Authorization.AuthorizationMiddleware.Invoke(HttpContext context)
   at Microsoft.AspNetCore.Authentication.AuthenticationMiddleware.Invoke(HttpContext context)
   at Microsoft.AspNetCore.Diagnostics.DeveloperExceptionPageMiddlewareImpl.Invoke(HttpContext context)
2025-11-12 13:17:03.568 +01:00 [INF] Request finished HTTP/1.1 GET http://localhost:5217/api/Admin/sessions - 500 null text/plain; charset=utf-8 25.849ms
2025-11-12 13:17:22.215 +01:00 [INF] Application is shutting down...
